Wed, 19 Aug 2020 12:29:36 INFO     EV Scheduling log file
Wed, 19 Aug 2020 12:32:50 INFO     EV Scheduling log file
Wed, 19 Aug 2020 12:35:25 INFO     EV Scheduling log file
Wed, 19 Aug 2020 12:57:05 INFO     EV Scheduling log file
Wed, 19 Aug 2020 12:57:15 INFO     Program started
Wed, 19 Aug 2020 12:57:15 INFO     Solver selected: cplex
Wed, 19 Aug 2020 12:57:15 INFO     Testcase selected: /timeseries/EVDay01_mix.xlsx
Wed, 19 Aug 2020 12:57:15 INFO     Model selected: EVScheduleV2G
Wed, 19 Aug 2020 12:57:15 INFO     Given model file found and selected from the models library
Wed, 19 Aug 2020 12:57:15 INFO     Given testcase file found and selected from the testcase library
Wed, 19 Aug 2020 12:57:20 INFO     Done!
Wed, 19 Aug 2020 13:03:08 INFO     EV Scheduling log file
Wed, 19 Aug 2020 13:03:08 INFO     Program started
Wed, 19 Aug 2020 13:03:08 INFO     Solver selected: cplex
Wed, 19 Aug 2020 13:03:08 INFO     Testcase selected: /timeseries/EVDay01_mix.xlsx
Wed, 19 Aug 2020 13:03:08 INFO     Model selected: EVScheduleV2G
Wed, 19 Aug 2020 13:03:08 INFO     Given model file found and selected from the models library
Wed, 19 Aug 2020 13:03:08 INFO     Given testcase file found and selected from the testcase library
Wed, 19 Aug 2020 13:03:14 INFO     Done!
Wed, 19 Aug 2020 13:21:14 INFO     EV Scheduling log file
Wed, 19 Aug 2020 13:21:15 INFO     Program started
Wed, 19 Aug 2020 13:21:15 INFO     Solver selected: cplex
Wed, 19 Aug 2020 13:21:15 INFO     Testcase selected: /timeseries/EVDay01_mix.xlsx
Wed, 19 Aug 2020 13:21:15 INFO     Model selected: EVScheduleV2G
Wed, 19 Aug 2020 13:21:15 INFO     Given model file found and selected from the models library
Wed, 19 Aug 2020 13:21:15 INFO     Given testcase file found and selected from the testcase library
Wed, 19 Aug 2020 13:21:16 ERROR    evaluating object as numeric value: CostTP[0]
    (object: <class 'pyomo.core.base.var._GeneralVarData'>)
No value for uninitialized NumericValue object CostTP[0]
Wed, 19 Aug 2020 13:21:17 INFO     Program started
Wed, 19 Aug 2020 13:21:17 INFO     Solver selected: cplex
Wed, 19 Aug 2020 13:21:17 INFO     Testcase selected: /timeseries/EVDay01_mix.xlsx
Wed, 19 Aug 2020 13:21:17 INFO     Model selected: EVScheduleV2G
Wed, 19 Aug 2020 13:21:17 INFO     Given model file found and selected from the models library
Wed, 19 Aug 2020 13:21:17 INFO     Given testcase file found and selected from the testcase library
Wed, 19 Aug 2020 13:21:18 ERROR    evaluating object as numeric value: CostTP[0]
    (object: <class 'pyomo.core.base.var._GeneralVarData'>)
No value for uninitialized NumericValue object CostTP[0]
Wed, 19 Aug 2020 13:21:18 INFO     Program started
Wed, 19 Aug 2020 13:21:18 INFO     Solver selected: cplex
Wed, 19 Aug 2020 13:21:18 INFO     Testcase selected: /timeseries/EVDay01_mix.xlsx
Wed, 19 Aug 2020 13:21:18 INFO     Model selected: EVScheduleV2G
Wed, 19 Aug 2020 13:21:18 INFO     Given model file found and selected from the models library
Wed, 19 Aug 2020 13:21:18 INFO     Given testcase file found and selected from the testcase library
Wed, 19 Aug 2020 13:21:24 INFO     Done!
Wed, 19 Aug 2020 13:22:05 INFO     EV Scheduling log file
Wed, 19 Aug 2020 13:22:06 INFO     Program started
Wed, 19 Aug 2020 13:22:06 INFO     Solver selected: cplex
Wed, 19 Aug 2020 13:22:06 INFO     Testcase selected: /timeseries/EVDay01_mix.xlsx
Wed, 19 Aug 2020 13:22:06 INFO     Model selected: EVScheduleV2G
Wed, 19 Aug 2020 13:22:06 INFO     Given model file found and selected from the models library
Wed, 19 Aug 2020 13:22:06 INFO     Given testcase file found and selected from the testcase library
Wed, 19 Aug 2020 13:22:07 ERROR    evaluating object as numeric value: CostTP[0]
    (object: <class 'pyomo.core.base.var._GeneralVarData'>)
No value for uninitialized NumericValue object CostTP[0]
Wed, 19 Aug 2020 13:22:07 INFO     Program started
Wed, 19 Aug 2020 13:22:07 INFO     Solver selected: cplex
Wed, 19 Aug 2020 13:22:07 INFO     Testcase selected: /timeseries/EVDay01_mix.xlsx
Wed, 19 Aug 2020 13:22:07 INFO     Model selected: EVScheduleV2G
Wed, 19 Aug 2020 13:22:07 INFO     Given model file found and selected from the models library
Wed, 19 Aug 2020 13:22:08 INFO     Given testcase file found and selected from the testcase library
Wed, 19 Aug 2020 13:22:12 INFO     Done!
Wed, 19 Aug 2020 13:23:23 INFO     EV Scheduling log file
Wed, 19 Aug 2020 13:23:23 INFO     Program started
Wed, 19 Aug 2020 13:23:23 INFO     Solver selected: cplex
Wed, 19 Aug 2020 13:23:23 INFO     Testcase selected: /timeseries/EVDay01_mix.xlsx
Wed, 19 Aug 2020 13:23:23 INFO     Model selected: EVScheduleV2G
Wed, 19 Aug 2020 13:23:23 INFO     Given model file found and selected from the models library
Wed, 19 Aug 2020 13:23:23 INFO     Given testcase file found and selected from the testcase library
Wed, 19 Aug 2020 13:23:28 INFO     Done!
Wed, 19 Aug 2020 13:24:37 INFO     EV Scheduling log file
Wed, 19 Aug 2020 13:24:37 INFO     Program started
Wed, 19 Aug 2020 13:24:37 INFO     Solver selected: cplex
Wed, 19 Aug 2020 13:24:37 INFO     Testcase selected: /timeseries/EVDay01_mix.xlsx
Wed, 19 Aug 2020 13:24:37 INFO     Model selected: EVScheduleV2G
Wed, 19 Aug 2020 13:24:37 INFO     Given model file found and selected from the models library
Wed, 19 Aug 2020 13:24:37 INFO     Given testcase file found and selected from the testcase library
Wed, 19 Aug 2020 13:24:41 INFO     Done!
Wed, 19 Aug 2020 13:26:16 INFO     EV Scheduling log file
Wed, 19 Aug 2020 13:26:16 INFO     Program started
Wed, 19 Aug 2020 13:26:16 INFO     Solver selected: cplex
Wed, 19 Aug 2020 13:26:16 INFO     Testcase selected: /timeseries/EVDay01_mix.xlsx
Wed, 19 Aug 2020 13:26:16 INFO     Model selected: EVScheduleV2G
Wed, 19 Aug 2020 13:26:16 INFO     Given model file found and selected from the models library
Wed, 19 Aug 2020 13:26:16 INFO     Given testcase file found and selected from the testcase library
Wed, 19 Aug 2020 13:26:20 INFO     Done!
Wed, 19 Aug 2020 13:31:06 INFO     EV Scheduling log file
Wed, 19 Aug 2020 13:31:07 INFO     Program started
Wed, 19 Aug 2020 13:31:07 INFO     Solver selected: cplex
Wed, 19 Aug 2020 13:31:07 INFO     Testcase selected: /timeseries/EVDay01_mix.xlsx
Wed, 19 Aug 2020 13:31:07 INFO     Model selected: EVScheduleV2G
Wed, 19 Aug 2020 13:31:07 INFO     Given model file found and selected from the models library
Wed, 19 Aug 2020 13:31:07 INFO     Given testcase file found and selected from the testcase library
Wed, 19 Aug 2020 13:31:08 ERROR    evaluating object as numeric value: CostTP[0]
    (object: <class 'pyomo.core.base.var._GeneralVarData'>)
No value for uninitialized NumericValue object CostTP[0]
Wed, 19 Aug 2020 13:31:08 INFO     Program started
Wed, 19 Aug 2020 13:31:08 INFO     Solver selected: cplex
Wed, 19 Aug 2020 13:31:08 INFO     Testcase selected: /timeseries/EVDay01_mix.xlsx
Wed, 19 Aug 2020 13:31:08 INFO     Model selected: EVScheduleV2G
Wed, 19 Aug 2020 13:31:08 INFO     Given model file found and selected from the models library
Wed, 19 Aug 2020 13:31:09 INFO     Given testcase file found and selected from the testcase library
Wed, 19 Aug 2020 13:31:10 ERROR    evaluating object as numeric value: CostTP[0]
    (object: <class 'pyomo.core.base.var._GeneralVarData'>)
No value for uninitialized NumericValue object CostTP[0]
Wed, 19 Aug 2020 13:31:11 INFO     Program started
Wed, 19 Aug 2020 13:31:11 INFO     Solver selected: cplex
Wed, 19 Aug 2020 13:31:11 INFO     Testcase selected: /timeseries/EVDay01_mix.xlsx
Wed, 19 Aug 2020 13:31:11 INFO     Model selected: EVScheduleV2G
Wed, 19 Aug 2020 13:31:11 INFO     Given model file found and selected from the models library
Wed, 19 Aug 2020 13:31:11 INFO     Given testcase file found and selected from the testcase library
Wed, 19 Aug 2020 13:31:15 INFO     Done!
Wed, 19 Aug 2020 13:31:16 INFO     Program started
Wed, 19 Aug 2020 13:31:16 INFO     Solver selected: cplex
Wed, 19 Aug 2020 13:31:16 INFO     Testcase selected: /timeseries/EVDay01_mix.xlsx
Wed, 19 Aug 2020 13:31:16 INFO     Model selected: EVScheduleV2G
Wed, 19 Aug 2020 13:31:16 INFO     Given model file found and selected from the models library
Wed, 19 Aug 2020 13:31:16 INFO     Given testcase file found and selected from the testcase library
Wed, 19 Aug 2020 13:31:17 ERROR    evaluating object as numeric value: CostTP[0]
    (object: <class 'pyomo.core.base.var._GeneralVarData'>)
No value for uninitialized NumericValue object CostTP[0]
Wed, 19 Aug 2020 13:31:17 INFO     Program started
Wed, 19 Aug 2020 13:31:17 INFO     Solver selected: cplex
Wed, 19 Aug 2020 13:31:17 INFO     Testcase selected: /timeseries/EVDay01_mix.xlsx
Wed, 19 Aug 2020 13:31:17 INFO     Model selected: EVScheduleV2G
Wed, 19 Aug 2020 13:31:17 INFO     Given model file found and selected from the models library
Wed, 19 Aug 2020 13:31:17 INFO     Given testcase file found and selected from the testcase library
Wed, 19 Aug 2020 13:31:20 INFO     Done!
Wed, 19 Aug 2020 13:31:21 INFO     Program started
Wed, 19 Aug 2020 13:31:21 INFO     Solver selected: cplex
Wed, 19 Aug 2020 13:31:21 INFO     Testcase selected: /timeseries/EVDay01_mix.xlsx
Wed, 19 Aug 2020 13:31:21 INFO     Model selected: EVScheduleV2G
Wed, 19 Aug 2020 13:31:21 INFO     Given model file found and selected from the models library
Wed, 19 Aug 2020 13:31:21 INFO     Given testcase file found and selected from the testcase library
Wed, 19 Aug 2020 13:31:24 INFO     Done!
Wed, 19 Aug 2020 13:31:25 INFO     Program started
Wed, 19 Aug 2020 13:31:25 INFO     Solver selected: cplex
Wed, 19 Aug 2020 13:31:25 INFO     Testcase selected: /timeseries/EVDay01_mix.xlsx
Wed, 19 Aug 2020 13:31:25 INFO     Model selected: EVScheduleV2G
Wed, 19 Aug 2020 13:31:25 INFO     Given model file found and selected from the models library
Wed, 19 Aug 2020 13:31:25 INFO     Given testcase file found and selected from the testcase library
Wed, 19 Aug 2020 13:31:27 ERROR    evaluating object as numeric value: CostTP[0]
    (object: <class 'pyomo.core.base.var._GeneralVarData'>)
No value for uninitialized NumericValue object CostTP[0]
Wed, 19 Aug 2020 13:31:28 INFO     Program started
Wed, 19 Aug 2020 13:31:28 INFO     Solver selected: cplex
Wed, 19 Aug 2020 13:31:28 INFO     Testcase selected: /timeseries/EVDay01_mix.xlsx
Wed, 19 Aug 2020 13:31:28 INFO     Model selected: EVScheduleV2G
Wed, 19 Aug 2020 13:31:28 INFO     Given model file found and selected from the models library
Wed, 19 Aug 2020 13:31:28 INFO     Given testcase file found and selected from the testcase library
Wed, 19 Aug 2020 13:31:34 INFO     Done!
Wed, 19 Aug 2020 13:31:35 INFO     Program started
Wed, 19 Aug 2020 13:31:35 INFO     Solver selected: cplex
Wed, 19 Aug 2020 13:31:35 INFO     Testcase selected: /timeseries/EVDay01_mix.xlsx
Wed, 19 Aug 2020 13:31:35 INFO     Model selected: EVScheduleV2G
Wed, 19 Aug 2020 13:31:35 INFO     Given model file found and selected from the models library
Wed, 19 Aug 2020 13:31:35 INFO     Given testcase file found and selected from the testcase library
Wed, 19 Aug 2020 13:31:39 INFO     Done!
Wed, 19 Aug 2020 13:31:40 INFO     Program started
Wed, 19 Aug 2020 13:31:40 INFO     Solver selected: cplex
Wed, 19 Aug 2020 13:31:40 INFO     Testcase selected: /timeseries/EVDay01_mix.xlsx
Wed, 19 Aug 2020 13:31:40 INFO     Model selected: EVScheduleV2G
Wed, 19 Aug 2020 13:31:40 INFO     Given model file found and selected from the models library
Wed, 19 Aug 2020 13:31:40 INFO     Given testcase file found and selected from the testcase library
Wed, 19 Aug 2020 13:31:43 INFO     Done!
Wed, 19 Aug 2020 13:31:44 INFO     Program started
Wed, 19 Aug 2020 13:31:44 INFO     Solver selected: cplex
Wed, 19 Aug 2020 13:31:44 INFO     Testcase selected: /timeseries/EVDay01_mix.xlsx
Wed, 19 Aug 2020 13:31:44 INFO     Model selected: EVScheduleV2G
Wed, 19 Aug 2020 13:31:44 INFO     Given model file found and selected from the models library
Wed, 19 Aug 2020 13:31:44 INFO     Given testcase file found and selected from the testcase library
Wed, 19 Aug 2020 13:31:47 INFO     Done!
Wed, 19 Aug 2020 13:31:48 INFO     Program started
Wed, 19 Aug 2020 13:31:48 INFO     Solver selected: cplex
Wed, 19 Aug 2020 13:31:48 INFO     Testcase selected: /timeseries/EVDay01_mix.xlsx
Wed, 19 Aug 2020 13:31:48 INFO     Model selected: EVScheduleV2G
Wed, 19 Aug 2020 13:31:48 INFO     Given model file found and selected from the models library
Wed, 19 Aug 2020 13:31:48 INFO     Given testcase file found and selected from the testcase library
Wed, 19 Aug 2020 13:31:49 ERROR    evaluating object as numeric value: CostTP[0]
    (object: <class 'pyomo.core.base.var._GeneralVarData'>)
No value for uninitialized NumericValue object CostTP[0]
Wed, 19 Aug 2020 13:31:50 INFO     Program started
Wed, 19 Aug 2020 13:31:50 INFO     Solver selected: cplex
Wed, 19 Aug 2020 13:31:50 INFO     Testcase selected: /timeseries/EVDay01_mix.xlsx
Wed, 19 Aug 2020 13:31:50 INFO     Model selected: EVScheduleV2G
Wed, 19 Aug 2020 13:31:50 INFO     Given model file found and selected from the models library
Wed, 19 Aug 2020 13:31:50 INFO     Given testcase file found and selected from the testcase library
Wed, 19 Aug 2020 13:31:56 INFO     Done!
Wed, 19 Aug 2020 13:31:57 INFO     Program started
Wed, 19 Aug 2020 13:31:57 INFO     Solver selected: cplex
Wed, 19 Aug 2020 13:31:57 INFO     Testcase selected: /timeseries/EVDay01_mix.xlsx
Wed, 19 Aug 2020 13:31:57 INFO     Model selected: EVScheduleV2G
Wed, 19 Aug 2020 13:31:57 INFO     Given model file found and selected from the models library
Wed, 19 Aug 2020 13:31:57 INFO     Given testcase file found and selected from the testcase library
Wed, 19 Aug 2020 13:32:01 INFO     Done!
Wed, 19 Aug 2020 13:32:02 INFO     Program started
Wed, 19 Aug 2020 13:32:02 INFO     Solver selected: cplex
Wed, 19 Aug 2020 13:32:02 INFO     Testcase selected: /timeseries/EVDay01_mix.xlsx
Wed, 19 Aug 2020 13:32:02 INFO     Model selected: EVScheduleV2G
Wed, 19 Aug 2020 13:32:02 INFO     Given model file found and selected from the models library
Wed, 19 Aug 2020 13:32:02 INFO     Given testcase file found and selected from the testcase library
Wed, 19 Aug 2020 13:32:04 INFO     Done!
Wed, 19 Aug 2020 13:32:05 INFO     Program started
Wed, 19 Aug 2020 13:32:05 INFO     Solver selected: cplex
Wed, 19 Aug 2020 13:32:05 INFO     Testcase selected: /timeseries/EVDay01_mix.xlsx
Wed, 19 Aug 2020 13:32:05 INFO     Model selected: EVScheduleV2G
Wed, 19 Aug 2020 13:32:05 INFO     Given model file found and selected from the models library
Wed, 19 Aug 2020 13:32:05 INFO     Given testcase file found and selected from the testcase library
Wed, 19 Aug 2020 13:32:08 INFO     Done!
Wed, 19 Aug 2020 13:32:09 INFO     Program started
Wed, 19 Aug 2020 13:32:09 INFO     Solver selected: cplex
Wed, 19 Aug 2020 13:32:09 INFO     Testcase selected: /timeseries/EVDay01_mix.xlsx
Wed, 19 Aug 2020 13:32:09 INFO     Model selected: EVScheduleV2G
Wed, 19 Aug 2020 13:32:09 INFO     Given model file found and selected from the models library
Wed, 19 Aug 2020 13:32:09 INFO     Given testcase file found and selected from the testcase library
Wed, 19 Aug 2020 13:32:14 INFO     Done!
Wed, 19 Aug 2020 13:37:09 INFO     EV Scheduling log file
Wed, 19 Aug 2020 13:38:10 INFO     EV Scheduling log file
Wed, 19 Aug 2020 13:38:26 INFO     EV Scheduling log file
Wed, 19 Aug 2020 13:38:38 INFO     EV Scheduling log file
Wed, 19 Aug 2020 13:39:06 INFO     EV Scheduling log file
